mode: count
github.com/dinopuguh/mycap-backend/services/group/group.go:40.33,44.88 3 1
github.com/dinopuguh/mycap-backend/services/group/group.go:51.2,56.4 1 1
github.com/dinopuguh/mycap-backend/services/group/group.go:44.88,49.3 1 0
github.com/dinopuguh/mycap-backend/services/group/group.go:69.30,80.92 8 5
github.com/dinopuguh/mycap-backend/services/group/group.go:87.2,87.28 1 4
github.com/dinopuguh/mycap-backend/services/group/group.go:94.2,100.51 5 3
github.com/dinopuguh/mycap-backend/services/group/group.go:107.2,111.73 4 2
github.com/dinopuguh/mycap-backend/services/group/group.go:118.2,120.47 2 1
github.com/dinopuguh/mycap-backend/services/group/group.go:127.2,132.4 1 1
github.com/dinopuguh/mycap-backend/services/group/group.go:80.92,85.3 1 1
github.com/dinopuguh/mycap-backend/services/group/group.go:87.28,92.3 1 1
github.com/dinopuguh/mycap-backend/services/group/group.go:100.51,105.3 1 1
github.com/dinopuguh/mycap-backend/services/group/group.go:111.73,116.3 1 1
github.com/dinopuguh/mycap-backend/services/group/group.go:120.47,125.3 1 0
github.com/dinopuguh/mycap-backend/services/group/group.go:145.31,156.49 8 3
github.com/dinopuguh/mycap-backend/services/group/group.go:163.2,164.105 2 2
github.com/dinopuguh/mycap-backend/services/group/group.go:171.2,182.4 4 1
github.com/dinopuguh/mycap-backend/services/group/group.go:156.49,161.3 1 1
github.com/dinopuguh/mycap-backend/services/group/group.go:164.105,169.3 1 1
github.com/dinopuguh/mycap-backend/services/group/group.go:195.32,206.50 8 4
github.com/dinopuguh/mycap-backend/services/group/group.go:213.2,214.123 2 3
github.com/dinopuguh/mycap-backend/services/group/group.go:221.2,221.37 1 2
github.com/dinopuguh/mycap-backend/services/group/group.go:235.2,240.4 1 2
github.com/dinopuguh/mycap-backend/services/group/group.go:206.50,211.3 1 1
github.com/dinopuguh/mycap-backend/services/group/group.go:214.123,219.3 1 1
github.com/dinopuguh/mycap-backend/services/group/group.go:221.37,223.36 2 1
github.com/dinopuguh/mycap-backend/services/group/group.go:226.3,229.20 3 1
github.com/dinopuguh/mycap-backend/services/group/group.go:223.36,225.4 1 1
github.com/dinopuguh/mycap-backend/services/group/group.go:230.8,233.3 2 1
