mode: set
github.com/dinopuguh/mycap-backend/services/user/user.go:32.33,36.46 3 1
github.com/dinopuguh/mycap-backend/services/user/user.go:43.2,48.4 1 1
github.com/dinopuguh/mycap-backend/services/user/user.go:36.46,41.3 1 0
github.com/dinopuguh/mycap-backend/services/user/user.go:60.33,65.55 4 1
github.com/dinopuguh/mycap-backend/services/user/user.go:72.2,73.51 2 1
github.com/dinopuguh/mycap-backend/services/user/user.go:80.2,91.4 5 1
github.com/dinopuguh/mycap-backend/services/user/user.go:65.55,70.3 1 1
github.com/dinopuguh/mycap-backend/services/user/user.go:73.51,78.3 1 1
github.com/dinopuguh/mycap-backend/services/user/user.go:103.33,108.55 4 1
github.com/dinopuguh/mycap-backend/services/user/user.go:115.2,115.47 1 1
github.com/dinopuguh/mycap-backend/services/user/user.go:122.2,126.4 1 1
github.com/dinopuguh/mycap-backend/services/user/user.go:108.55,113.3 1 1
github.com/dinopuguh/mycap-backend/services/user/user.go:115.47,120.3 1 0
github.com/dinopuguh/mycap-backend/services/user/auth.go:28.30,32.44 3 1
github.com/dinopuguh/mycap-backend/services/user/auth.go:39.2,40.88 2 1
github.com/dinopuguh/mycap-backend/services/user/auth.go:47.2,47.94 1 1
github.com/dinopuguh/mycap-backend/services/user/auth.go:54.2,56.16 3 1
github.com/dinopuguh/mycap-backend/services/user/auth.go:63.2,63.46 1 1
github.com/dinopuguh/mycap-backend/services/user/auth.go:70.2,71.16 2 1
github.com/dinopuguh/mycap-backend/services/user/auth.go:78.2,86.4 1 1
github.com/dinopuguh/mycap-backend/services/user/auth.go:32.44,37.3 1 1
github.com/dinopuguh/mycap-backend/services/user/auth.go:40.88,45.3 1 1
github.com/dinopuguh/mycap-backend/services/user/auth.go:47.94,52.3 1 1
github.com/dinopuguh/mycap-backend/services/user/auth.go:56.16,61.3 1 0
github.com/dinopuguh/mycap-backend/services/user/auth.go:63.46,68.3 1 0
github.com/dinopuguh/mycap-backend/services/user/auth.go:71.16,76.3 1 0
github.com/dinopuguh/mycap-backend/services/user/auth.go:98.32,102.45 3 1
github.com/dinopuguh/mycap-backend/services/user/auth.go:109.2,110.83 2 1
github.com/dinopuguh/mycap-backend/services/user/auth.go:117.2,117.63 1 1
github.com/dinopuguh/mycap-backend/services/user/auth.go:124.2,125.16 2 1
github.com/dinopuguh/mycap-backend/services/user/auth.go:132.2,140.4 1 1
github.com/dinopuguh/mycap-backend/services/user/auth.go:102.45,107.3 1 1
github.com/dinopuguh/mycap-backend/services/user/auth.go:110.83,115.3 1 1
github.com/dinopuguh/mycap-backend/services/user/auth.go:117.63,122.3 1 1
github.com/dinopuguh/mycap-backend/services/user/auth.go:125.16,130.3 1 0
